<?xml version="1.0" encoding="UTF-8" ?>
<testsuite tests="1" failures="0" name="Rest.AccountControllerTest" time="0.199" errors="1" skipped="0">
  <properties>
[...]
</properties>
  <testcase classname="Rest.AccountControllerTest" name="crud" time="0.199">
    <error message="Unable to invoke request" type="javax.ws.rs.ProcessingException">javax.ws.rs.ProcessingException: Unable to invoke request
	at org.jboss.resteasy.client.jaxrs.engines.ApacheHttpClient4Engine.invoke(ApacheHttpClient4Engine.java:238)
	at org.jboss.resteasy.client.jaxrs.internal.ClientInvocation.invoke(ClientInvocation.java:388)
	at org.jboss.resteasy.client.jaxrs.internal.ClientInvocation.invoke(ClientInvocation.java:423)
	at org.jboss.resteasy.client.jaxrs.internal.ClientInvocationBuilder.post(ClientInvocationBuilder.java:201)
	at Rest.AccountControllerTest.crud(AccountControllerTest.java:40)
	at sun.reflect.NativeMethodAccessorImpl.invoke0(Native Method)
	at sun.reflect.NativeMethodAccessorImpl.invoke(NativeMethodAccessorImpl.java:62)
	at sun.reflect.DelegatingMethodAccessorImpl.invoke(DelegatingMethodAccessorImpl.java:43)
	at java.lang.reflect.Method.invoke(Method.java:498)
	at org.junit.runners.model.FrameworkMethod$1.runReflectiveCall(FrameworkMethod.java:50)
	at org.junit.internal.runners.model.ReflectiveCallable.run(ReflectiveCallable.java:12)
	at org.junit.runners.model.FrameworkMethod.invokeExplosively(FrameworkMethod.java:47)
	at org.junit.internal.runners.statements.InvokeMethod.evaluate(InvokeMethod.java:17)
	at org.junit.internal.runners.statements.RunBefores.evaluate(RunBefores.java:26)
	at org.junit.runners.ParentRunner.runLeaf(ParentRunner.java:325)
	at org.junit.runners.BlockJUnit4ClassRunner.runChild(BlockJUnit4ClassRunner.java:78)
	at org.junit.runners.BlockJUnit4ClassRunner.runChild(BlockJUnit4ClassRunner.java:57)
	at org.junit.runners.ParentRunner$3.run(ParentRunner.java:290)
	at org.junit.runners.ParentRunner$1.schedule(ParentRunner.java:71)
	at org.junit.runners.ParentRunner.runChildren(ParentRunner.java:288)
	at org.junit.runners.ParentRunner.access$000(ParentRunner.java:58)
	at org.junit.runners.ParentRunner$2.evaluate(ParentRunner.java:268)
	at org.junit.runners.ParentRunner.run(ParentRunner.java:363)
	at org.apache.maven.surefire.junit4.JUnit4Provider.execute(JUnit4Provider.java:252)
	at org.apache.maven.surefire.junit4.JUnit4Provider.executeTestSet(JUnit4Provider.java:141)
	at org.apache.maven.surefire.junit4.JUnit4Provider.invoke(JUnit4Provider.java:112)
	at sun.reflect.NativeMethodAccessorImpl.invoke0(Native Method)
	at sun.reflect.NativeMethodAccessorImpl.invoke(NativeMethodAccessorImpl.java:62)
	at sun.reflect.DelegatingMethodAccessorImpl.invoke(DelegatingMethodAccessorImpl.java:43)
	at java.lang.reflect.Method.invoke(Method.java:498)
	at org.apache.maven.surefire.util.ReflectionUtils.invokeMethodWithArray(ReflectionUtils.java:189)
	at org.apache.maven.surefire.booter.ProviderFactory$ProviderProxy.invoke(ProviderFactory.java:165)
	at org.apache.maven.surefire.booter.ProviderFactory.invokeProvider(ProviderFactory.java:85)
	at org.apache.maven.surefire.booter.ForkedBooter.runSuitesInProcess(ForkedBooter.java:115)
	at org.apache.maven.surefire.booter.ForkedBooter.main(ForkedBooter.java:75)
Caused by: javax.ws.rs.ProcessingException: could not find writer for content-type application/json type: com.wouterv.twatter.Models.Account
	at org.jboss.resteasy.core.interception.ClientWriterInterceptorContext.throwWriterNotFoundException(ClientWriterInterceptorContext.java:40)
	at org.jboss.resteasy.core.interception.AbstractWriterInterceptorContext.getWriter(AbstractWriterInterceptorContext.java:138)
	at org.jboss.resteasy.core.interception.AbstractWriterInterceptorContext.proceed(AbstractWriterInterceptorContext.java:117)
	at org.jboss.resteasy.plugins.interceptors.encoding.GZIPEncodingInterceptor.aroundWriteTo(GZIPEncodingInterceptor.java:100)
	at org.jboss.resteasy.core.interception.AbstractWriterInterceptorContext.proceed(AbstractWriterInterceptorContext.java:122)
	at org.jboss.resteasy.client.jaxrs.internal.ClientInvocation.writeRequestBody(ClientInvocation.java:322)
	at org.jboss.resteasy.client.jaxrs.engines.ApacheHttpClient4Engine.writeRequestBodyToOutputStream(ApacheHttpClient4Engine.java:509)
	at org.jboss.resteasy.client.jaxrs.engines.ApacheHttpClient4Engine.buildEntity(ApacheHttpClient4Engine.java:475)
	at org.jboss.resteasy.client.jaxrs.engines.ApacheHttpClient4Engine.loadHttpMethod(ApacheHttpClient4Engine.java:374)
	at org.jboss.resteasy.client.jaxrs.engines.ApacheHttpClient4Engine.invoke(ApacheHttpClient4Engine.java:232)
	... 34 more
</error>
  </testcase>
</testsuite>